[17:31:51] ../src/storage/storage.cc:199: Using Pooled (Naive) StorageManager for CPU
[17:31:57] ../src/storage/storage.cc:199: Using Pooled (Naive) StorageManager for GPU
  0%|          | 0/1143 [00:00<?, ?it/s] 13%|█▎        | 146/1143 [00:10<01:08, 14.58it/s, epoch=1/250, avg_epoch_loss=0.357] 36%|███▌      | 414/1143 [00:20<00:33, 21.72it/s, epoch=1/250, avg_epoch_loss=0.245] 60%|█████▉    | 682/1143 [00:30<00:19, 24.03it/s, epoch=1/250, avg_epoch_loss=0.218] 83%|████████▎ | 950/1143 [00:40<00:07, 25.03it/s, epoch=1/250, avg_epoch_loss=0.205]100%|██████████| 1143/1143 [00:47<00:00, 24.11it/s, epoch=1/250, avg_epoch_loss=0.199]
{'path': 'data/pems-bay.h5', 'sensors': 325, 'freq': '5Min', 'make_plots': False, 'normalize': True, 'train_predictor': True, 'prediction_length': 12, 'estimator': 'DeepFactor', 'kernel': '', 'distribution': 'StudentT', 'global_units': 50, 'global_layers': 25, 'factors': 10, 'local_units': 5, 'local_layers': 1, 'cell_type': 'lstm', 'serialize_path': 'results/Pems/DF-25-glayers/'}
Loading data took 1.3084147842600942 seconds
learning rate from ``lr_scheduler`` has been overwritten by ``learning_rate`` in optimizer.
Traceback (most recent call last):
  File "/src/main.py", line 45, in <module>
    predictor = fc.train_predictor(train, md)
  File "/src/make_forecast.py", line 85, in train_predictor
    return estimator.train(data)
  File "/user/student.aau.dk/aplesn18/.local/lib/python3.8/site-packages/gluonts/model/estimator.py", line 270, in train
    return self.train_model(
  File "/user/student.aau.dk/aplesn18/.local/lib/python3.8/site-packages/gluonts/model/estimator.py", line 245, in train_model
    self.trainer(
  File "/user/student.aau.dk/aplesn18/.local/lib/python3.8/site-packages/gluonts/mx/trainer/_base.py", line 379, in __call__
    net.save_parameters(
  File "/opt/mxnet/python/mxnet/gluon/block.py", line 438, in save_parameters
    params = self._collect_params_with_prefix()
  File "/opt/mxnet/python/mxnet/gluon/block.py", line 414, in _collect_params_with_prefix
    ret.update(child._collect_params_with_prefix(prefix + name))
  File "/opt/mxnet/python/mxnet/gluon/block.py", line 414, in _collect_params_with_prefix
    ret.update(child._collect_params_with_prefix(prefix + name))
  File "/opt/mxnet/python/mxnet/gluon/block.py", line 414, in _collect_params_with_prefix
    ret.update(child._collect_params_with_prefix(prefix + name))
  File "/opt/mxnet/python/mxnet/gluon/rnn/rnn_layer.py", line 140, in _collect_params_with_prefix
    bidirectional = any(pattern.match(k).group(1) == 'r' for k in self._reg_params)
  File "/opt/mxnet/python/mxnet/gluon/rnn/rnn_layer.py", line 140, in <genexpr>
    bidirectional = any(pattern.match(k).group(1) == 'r' for k in self._reg_params)
AttributeError: 'NoneType' object has no attribute 'group'
srun: error: nv-ai-01.srv.aau.dk: task 0: Exited with exit code 1
finished successful
